2022-12-26 17:56:37.051  INFO 64904 --- [main] com.xncoding.jwt.ScoketIoApplication     : Starting ScoketIoApplication on MacBook-Pro-6.lan with PID 64904 (/Users/mac_1/workplace3/My-Armory-ForJava/Spring-Boot-Socketio/target/classes started by Daosen in /Users/mac_1/workplace3/My-Armory-ForJava)
2022-12-26 17:56:37.054 DEBUG 64904 --- [main] com.xncoding.jwt.ScoketIoApplication     : Running with Spring Boot v2.0.4.RELEASE, Spring v5.0.8.RELEASE
2022-12-26 17:56:37.055  INFO 64904 --- [main] com.xncoding.jwt.ScoketIoApplication     : The following profiles are active: dev
2022-12-26 17:56:37.117  INFO 64904 --- [main] ConfigServletWebServerApplicationContext : Refreshing org.springframework.boot.web.servlet.context.AnnotationConfigServletWebServerApplicationContext@36902638: startup date [Mon Dec 26 17:56:37 CST 2022]; root of context hierarchy
2022-12-26 17:56:38.317  INFO 64904 --- [main] trationDelegate$BeanPostProcessorChecker : Bean 'org.springframework.boot.context.properties.ConversionServiceDeducer$Factory' of type [org.springframework.boot.context.properties.ConversionServiceDeducer$Factory] is not eligible for getting processed by all BeanPostProcessors (for example: not eligible for auto-proxying)
2022-12-26 17:56:38.336  INFO 64904 --- [main] trationDelegate$BeanPostProcessorChecker : Bean 'myProperties' of type [com.xncoding.jwt.config.properties.MyProperties] is not eligible for getting processed by all BeanPostProcessors (for example: not eligible for auto-proxying)
2022-12-26 17:56:38.337  INFO 64904 --- [main] trationDelegate$BeanPostProcessorChecker : Bean 'nettySocketConfig' of type [com.xncoding.jwt.config.NettySocketConfig$$EnhancerBySpringCGLIB$$d79b8480] is not eligible for getting processed by all BeanPostProcessors (for example: not eligible for auto-proxying)
2022-12-26 17:56:38.457  INFO 64904 --- [main] trationDelegate$BeanPostProcessorChecker : Bean 'socketIOServer' of type [com.corundumstudio.socketio.SocketIOServer] is not eligible for getting processed by all BeanPostProcessors (for example: not eligible for auto-proxying)
2022-12-26 17:56:38.798  INFO 64904 --- [main] o.s.b.w.embedded.tomcat.TomcatWebServer  : Tomcat initialized with port(s): 8080 (http)
2022-12-26 17:56:38.821  INFO 64904 --- [main] o.apache.catalina.core.StandardService   : Starting service [Tomcat]
2022-12-26 17:56:38.821  INFO 64904 --- [main] org.apache.catalina.core.StandardEngine  : Starting Servlet Engine: Apache Tomcat/8.5.32
2022-12-26 17:56:38.825  INFO 64904 --- [localhost-startStop-1] o.a.catalina.core.AprLifecycleListener   : The APR based Apache Tomcat Native library which allows optimal performance in production environments was not found on the java.library.path: [/Users/mac_1/Library/Java/Extensions:/Library/Java/Extensions:/Network/Library/Java/Extensions:/System/Library/Java/Extensions:/usr/lib/java:.]
2022-12-26 17:56:38.887  INFO 64904 --- [localhost-startStop-1] o.a.c.c.C.[Tomcat].[localhost].[/]       : Initializing Spring embedded WebApplicationContext
2022-12-26 17:56:38.888  INFO 64904 --- [localhost-startStop-1] o.s.web.context.ContextLoader            : Root WebApplicationContext: initialization completed in 1771 ms
2022-12-26 17:56:38.949  INFO 64904 --- [localhost-startStop-1] o.s.b.w.servlet.ServletRegistrationBean  : Servlet dispatcherServlet mapped to [/]
2022-12-26 17:56:38.954  INFO 64904 --- [localhost-startStop-1] o.s.b.w.servlet.FilterRegistrationBean   : Mapping filter: 'characterEncodingFilter' to: [/*]
2022-12-26 17:56:38.956  INFO 64904 --- [localhost-startStop-1] o.s.b.w.servlet.FilterRegistrationBean   : Mapping filter: 'hiddenHttpMethodFilter' to: [/*]
2022-12-26 17:56:38.957  INFO 64904 --- [localhost-startStop-1] o.s.b.w.servlet.FilterRegistrationBean   : Mapping filter: 'httpPutFormContentFilter' to: [/*]
2022-12-26 17:56:38.957  INFO 64904 --- [localhost-startStop-1] o.s.b.w.servlet.FilterRegistrationBean   : Mapping filter: 'requestContextFilter' to: [/*]
2022-12-26 17:56:38.991  INFO 64904 --- [main] c.c.s.a.SpringAnnotationScanner          : messageEventHandler bean listeners added
2022-12-26 17:56:39.085  INFO 64904 --- [main] o.s.w.s.handler.SimpleUrlHandlerMapping  : Mapped URL path [/**/favicon.ico] onto handler of type [class org.springframework.web.servlet.resource.ResourceHttpRequestHandler]
2022-12-26 17:56:39.322  INFO 64904 --- [main] s.w.s.m.m.a.RequestMappingHandlerAdapter : Looking for @ControllerAdvice: org.springframework.boot.web.servlet.context.AnnotationConfigServletWebServerApplicationContext@36902638: startup date [Mon Dec 26 17:56:37 CST 2022]; root of context hierarchy
2022-12-26 17:56:39.405  INFO 64904 --- [main] s.w.s.m.m.a.RequestMappingHandlerMapping : Mapped "{[/error]}" onto public org.springframework.http.ResponseEntity<java.util.Map<java.lang.String, java.lang.Object>> org.springframework.boot.autoconfigure.web.servlet.error.BasicErrorController.error(javax.servlet.http.HttpServletRequest)
2022-12-26 17:56:39.407  INFO 64904 --- [main] s.w.s.m.m.a.RequestMappingHandlerMapping : Mapped "{[/error],produces=[text/html]}" onto public org.springframework.web.servlet.ModelAndView org.springframework.boot.autoconfigure.web.servlet.error.BasicErrorController.errorHtml(javax.servlet.http.HttpServletRequest,javax.servlet.http.HttpServletResponse)
2022-12-26 17:56:39.436  INFO 64904 --- [main] o.s.w.s.handler.SimpleUrlHandlerMapping  : Mapped URL path [/webjars/**] onto handler of type [class org.springframework.web.servlet.resource.ResourceHttpRequestHandler]
2022-12-26 17:56:39.437  INFO 64904 --- [main] o.s.w.s.handler.SimpleUrlHandlerMapping  : Mapped URL path [/**] onto handler of type [class org.springframework.web.servlet.resource.ResourceHttpRequestHandler]
2022-12-26 17:56:39.588  INFO 64904 --- [main] o.s.j.e.a.AnnotationMBeanExporter        : Registering beans for JMX exposure on startup
2022-12-26 17:56:39.626  INFO 64904 --- [main] o.s.b.w.embedded.tomcat.TomcatWebServer  : Tomcat started on port(s): 8080 (http) with context path ''
2022-12-26 17:56:39.630  INFO 64904 --- [main] com.xncoding.jwt.ScoketIoApplication     : Started ScoketIoApplication in 3.51 seconds (JVM running for 4.737)
2022-12-26 17:56:39.635  INFO 64904 --- [main] com.xncoding.jwt.common.ServerRunner     : ServerRunner 开始启动啦...
2022-12-26 17:56:39.635  INFO 64904 --- [main] c.c.socketio.SocketIOServer              : Session store / pubsub factory used: MemoryStoreFactory (local session store only)
2022-12-26 17:56:39.742  INFO 64904 --- [nioEventLoopGroup-2-1] c.c.socketio.SocketIOServer              : SocketIO server started at port: 9099
2022-12-26 18:00:58.700  INFO 64904 --- [nioEventLoopGroup-3-3] c.x.jwt.handler.MessageEventHandler      : 连接成功, username=user653, password=123456, sessionId=1b9a48b8-d5df-4127-8865-ee3fe3beef77
2022-12-26 18:01:08.287  INFO 64904 --- [nioEventLoopGroup-3-4] c.x.jwt.handler.MessageEventHandler      : 客户端断开连接, sessionId=1b9a48b8-d5df-4127-8865-ee3fe3beef77
2022-12-26 18:01:08.362  INFO 64904 --- [nioEventLoopGroup-3-7] c.x.jwt.handler.MessageEventHandler      : 连接成功, username=user763, password=123456, sessionId=b9e4471f-97f3-4962-91dd-ffa1274c5451
2022-12-26 18:04:58.161  INFO 64904 --- [nioEventLoopGroup-3-16] c.x.jwt.handler.MessageEventHandler      : 连接成功, username=user763, password=123456, sessionId=dc59dbc6-c130-4f31-b423-5c938b315e8f
2022-12-26 18:05:08.646  INFO 64904 --- [pool-1-thread-1] c.x.jwt.handler.MessageEventHandler      : 客户端断开连接, sessionId=b9e4471f-97f3-4962-91dd-ffa1274c5451
2022-12-26 18:05:09.985  INFO 64904 --- [nioEventLoopGroup-3-1] c.x.jwt.handler.MessageEventHandler      : 连接成功, username=user763, password=123456, sessionId=dab035f0-b1f7-4eae-a530-bd08a044b80b
2022-12-26 18:06:28.346  INFO 64904 --- [nioEventLoopGroup-3-5] c.x.jwt.handler.MessageEventHandler      : 连接成功, username=user618, password=123456, sessionId=b9ed7375-b41d-4236-b628-06f4ae52aaed
2022-12-26 18:06:30.407  INFO 64904 --- [nioEventLoopGroup-3-2] c.x.jwt.handler.MessageEventHandler      : 客户端断开连接, sessionId=dab035f0-b1f7-4eae-a530-bd08a044b80b
2022-12-26 18:06:38.488  INFO 64904 --- [nioEventLoopGroup-3-6] c.x.jwt.handler.MessageEventHandler      : 接收到客户端消息
2022-12-26 18:08:58.306  INFO 64904 --- [pool-1-thread-1] c.x.jwt.handler.MessageEventHandler      : 客户端断开连接, sessionId=dc59dbc6-c130-4f31-b423-5c938b315e8f
2022-12-26 18:08:58.328  INFO 64904 --- [Thread-9] ConfigServletWebServerApplicationContext : Closing org.springframework.boot.web.servlet.context.AnnotationConfigServletWebServerApplicationContext@36902638: startup date [Mon Dec 26 17:56:37 CST 2022]; root of context hierarchy
2022-12-26 18:08:58.814  INFO 64904 --- [Thread-9] o.s.j.e.a.AnnotationMBeanExporter        : Unregistering JMX-exposed beans on shutdown
2022-12-26 18:13:21.881  INFO 65126 --- [main] com.xncoding.jwt.ScoketIoApplication     : Starting ScoketIoApplication on MacBook-Pro-6.lan with PID 65126 (/Users/mac_1/workplace3/My-Armory-ForJava/Spring-Boot-Socketio/target/classes started by Daosen in /Users/mac_1/workplace3/My-Armory-ForJava)
2022-12-26 18:13:21.883 DEBUG 65126 --- [main] com.xncoding.jwt.ScoketIoApplication     : Running with Spring Boot v2.0.4.RELEASE, Spring v5.0.8.RELEASE
2022-12-26 18:13:21.884  INFO 65126 --- [main] com.xncoding.jwt.ScoketIoApplication     : The following profiles are active: dev
2022-12-26 18:13:21.935  INFO 65126 --- [main] ConfigServletWebServerApplicationContext : Refreshing org.springframework.boot.web.servlet.context.AnnotationConfigServletWebServerApplicationContext@8f4ea7c: startup date [Mon Dec 26 18:13:21 CST 2022]; root of context hierarchy
2022-12-26 18:13:23.448  INFO 65126 --- [main] trationDelegate$BeanPostProcessorChecker : Bean 'org.springframework.boot.context.properties.ConversionServiceDeducer$Factory' of type [org.springframework.boot.context.properties.ConversionServiceDeducer$Factory] is not eligible for getting processed by all BeanPostProcessors (for example: not eligible for auto-proxying)
2022-12-26 18:13:23.475  INFO 65126 --- [main] trationDelegate$BeanPostProcessorChecker : Bean 'myProperties' of type [com.xncoding.jwt.config.properties.MyProperties] is not eligible for getting processed by all BeanPostProcessors (for example: not eligible for auto-proxying)
2022-12-26 18:13:23.476  INFO 65126 --- [main] trationDelegate$BeanPostProcessorChecker : Bean 'nettySocketConfig' of type [com.xncoding.jwt.config.NettySocketConfig$$EnhancerBySpringCGLIB$$10cd0729] is not eligible for getting processed by all BeanPostProcessors (for example: not eligible for auto-proxying)
2022-12-26 18:13:23.601  INFO 65126 --- [main] trationDelegate$BeanPostProcessorChecker : Bean 'socketIOServer' of type [com.corundumstudio.socketio.SocketIOServer] is not eligible for getting processed by all BeanPostProcessors (for example: not eligible for auto-proxying)
2022-12-26 18:13:24.053  INFO 65126 --- [main] o.s.b.w.embedded.tomcat.TomcatWebServer  : Tomcat initialized with port(s): 8080 (http)
2022-12-26 18:13:24.076  INFO 65126 --- [main] o.apache.catalina.core.StandardService   : Starting service [Tomcat]
2022-12-26 18:13:24.076  INFO 65126 --- [main] org.apache.catalina.core.StandardEngine  : Starting Servlet Engine: Apache Tomcat/8.5.32
2022-12-26 18:13:24.080  INFO 65126 --- [localhost-startStop-1] o.a.catalina.core.AprLifecycleListener   : The APR based Apache Tomcat Native library which allows optimal performance in production environments was not found on the java.library.path: [/Users/mac_1/Library/Java/Extensions:/Library/Java/Extensions:/Network/Library/Java/Extensions:/System/Library/Java/Extensions:/usr/lib/java:.]
2022-12-26 18:13:24.194  INFO 65126 --- [localhost-startStop-1] o.a.c.c.C.[Tomcat].[localhost].[/]       : Initializing Spring embedded WebApplicationContext
2022-12-26 18:13:24.194  INFO 65126 --- [localhost-startStop-1] o.s.web.context.ContextLoader            : Root WebApplicationContext: initialization completed in 2259 ms
2022-12-26 18:13:24.270  INFO 65126 --- [localhost-startStop-1] o.s.b.w.servlet.ServletRegistrationBean  : Servlet dispatcherServlet mapped to [/]
2022-12-26 18:13:24.277  INFO 65126 --- [localhost-startStop-1] o.s.b.w.servlet.FilterRegistrationBean   : Mapping filter: 'characterEncodingFilter' to: [/*]
2022-12-26 18:13:24.277  INFO 65126 --- [localhost-startStop-1] o.s.b.w.servlet.FilterRegistrationBean   : Mapping filter: 'hiddenHttpMethodFilter' to: [/*]
2022-12-26 18:13:24.278  INFO 65126 --- [localhost-startStop-1] o.s.b.w.servlet.FilterRegistrationBean   : Mapping filter: 'httpPutFormContentFilter' to: [/*]
2022-12-26 18:13:24.278  INFO 65126 --- [localhost-startStop-1] o.s.b.w.servlet.FilterRegistrationBean   : Mapping filter: 'requestContextFilter' to: [/*]
2022-12-26 18:13:24.336  INFO 65126 --- [main] c.c.s.a.SpringAnnotationScanner          : messageEventHandler bean listeners added
2022-12-26 18:13:24.426  INFO 65126 --- [main] o.s.w.s.handler.SimpleUrlHandlerMapping  : Mapped URL path [/**/favicon.ico] onto handler of type [class org.springframework.web.servlet.resource.ResourceHttpRequestHandler]
2022-12-26 18:13:24.674  INFO 65126 --- [main] s.w.s.m.m.a.RequestMappingHandlerAdapter : Looking for @ControllerAdvice: org.springframework.boot.web.servlet.context.AnnotationConfigServletWebServerApplicationContext@8f4ea7c: startup date [Mon Dec 26 18:13:21 CST 2022]; root of context hierarchy
2022-12-26 18:13:24.723  INFO 65126 --- [main] s.w.s.m.m.a.RequestMappingHandlerMapping : Mapped "{[/error],produces=[text/html]}" onto public org.springframework.web.servlet.ModelAndView org.springframework.boot.autoconfigure.web.servlet.error.BasicErrorController.errorHtml(javax.servlet.http.HttpServletRequest,javax.servlet.http.HttpServletResponse)
2022-12-26 18:13:24.725  INFO 65126 --- [main] s.w.s.m.m.a.RequestMappingHandlerMapping : Mapped "{[/error]}" onto public org.springframework.http.ResponseEntity<java.util.Map<java.lang.String, java.lang.Object>> org.springframework.boot.autoconfigure.web.servlet.error.BasicErrorController.error(javax.servlet.http.HttpServletRequest)
2022-12-26 18:13:24.747  INFO 65126 --- [main] o.s.w.s.handler.SimpleUrlHandlerMapping  : Mapped URL path [/webjars/**] onto handler of type [class org.springframework.web.servlet.resource.ResourceHttpRequestHandler]
2022-12-26 18:13:24.748  INFO 65126 --- [main] o.s.w.s.handler.SimpleUrlHandlerMapping  : Mapped URL path [/**] onto handler of type [class org.springframework.web.servlet.resource.ResourceHttpRequestHandler]
2022-12-26 18:13:24.921  INFO 65126 --- [main] o.s.j.e.a.AnnotationMBeanExporter        : Registering beans for JMX exposure on startup
2022-12-26 18:13:24.964  INFO 65126 --- [main] o.s.b.w.embedded.tomcat.TomcatWebServer  : Tomcat started on port(s): 8080 (http) with context path ''
2022-12-26 18:13:24.980  INFO 65126 --- [main] com.xncoding.jwt.ScoketIoApplication     : Started ScoketIoApplication in 3.662 seconds (JVM running for 4.552)
2022-12-26 18:13:24.984  INFO 65126 --- [main] com.xncoding.jwt.common.ServerRunner     : ServerRunner 开始启动啦...
2022-12-26 18:13:24.985  INFO 65126 --- [main] c.c.socketio.SocketIOServer              : Session store / pubsub factory used: MemoryStoreFactory (local session store only)
2022-12-26 18:13:25.240  INFO 65126 --- [nioEventLoopGroup-2-1] c.c.socketio.SocketIOServer              : SocketIO server started at port: 9099
2022-12-26 18:13:26.045  INFO 65126 --- [nioEventLoopGroup-3-1] c.x.jwt.handler.MessageEventHandler      : 连接成功, username=user49, password=123456, sessionId=5eacc8b3-9b26-449e-ae26-5ac463edf939
2022-12-26 18:15:31.352  INFO 65126 --- [nioEventLoopGroup-3-2] c.x.jwt.handler.MessageEventHandler      : 客户端断开连接, sessionId=5eacc8b3-9b26-449e-ae26-5ac463edf939
2022-12-26 18:15:31.947  INFO 65126 --- [nioEventLoopGroup-3-5] c.x.jwt.handler.MessageEventHandler      : 连接成功, username=user521, password=123456, sessionId=73e06887-3bab-42c2-b508-849145aca64c
2022-12-26 18:19:32.341  INFO 65126 --- [pool-1-thread-1] c.x.jwt.handler.MessageEventHandler      : 客户端断开连接, sessionId=73e06887-3bab-42c2-b508-849145aca64c
2022-12-26 18:19:32.976  INFO 65126 --- [nioEventLoopGroup-3-9] c.x.jwt.handler.MessageEventHandler      : 连接成功, username=user521, password=123456, sessionId=c3c38828-6bd2-4a43-8119-8df1f563aa1c
2022-12-26 18:20:33.148  INFO 65126 --- [nioEventLoopGroup-3-10] c.x.jwt.handler.MessageEventHandler      : 接收到客户端消息
2022-12-26 18:21:05.877  INFO 65126 --- [nioEventLoopGroup-3-10] c.x.jwt.handler.MessageEventHandler      : 接收到客户端消息
2022-12-26 18:25:05.930  INFO 65126 --- [pool-1-thread-1] c.x.jwt.handler.MessageEventHandler      : 客户端断开连接, sessionId=c3c38828-6bd2-4a43-8119-8df1f563aa1c
2022-12-26 18:25:08.267  INFO 65126 --- [nioEventLoopGroup-3-12] c.x.jwt.handler.MessageEventHandler      : 连接成功, username=user521, password=123456, sessionId=1d1f97b3-a4b0-4093-9834-1dadd2069aba
2022-12-26 18:27:05.144  INFO 65126 --- [nioEventLoopGroup-3-13] c.x.jwt.handler.MessageEventHandler      : 接收到客户端消息
2022-12-26 18:27:09.673  INFO 65126 --- [nioEventLoopGroup-3-13] c.x.jwt.handler.MessageEventHandler      : 接收到客户端消息
2022-12-26 18:31:09.723  INFO 65126 --- [pool-1-thread-1] c.x.jwt.handler.MessageEventHandler      : 客户端断开连接, sessionId=1d1f97b3-a4b0-4093-9834-1dadd2069aba
2022-12-26 18:31:11.652  INFO 65126 --- [nioEventLoopGroup-3-15] c.x.jwt.handler.MessageEventHandler      : 连接成功, username=user521, password=123456, sessionId=d4a67809-ba35-4aed-b2e8-e4452475ba6e
2022-12-26 18:35:12.404  INFO 65126 --- [pool-1-thread-1] c.x.jwt.handler.MessageEventHandler      : 客户端断开连接, sessionId=d4a67809-ba35-4aed-b2e8-e4452475ba6e
2022-12-26 18:35:14.630  INFO 65126 --- [nioEventLoopGroup-3-3] c.x.jwt.handler.MessageEventHandler      : 连接成功, username=user521, password=123456, sessionId=6c7e17da-f11c-4de1-819f-045a3319fcc8
2022-12-26 18:36:18.000  INFO 65126 --- [Thread-9] ConfigServletWebServerApplicationContext : Closing org.springframework.boot.web.servlet.context.AnnotationConfigServletWebServerApplicationContext@8f4ea7c: startup date [Mon Dec 26 18:13:21 CST 2022]; root of context hierarchy
